<?xml version="1.0" encoding="UTF-8"?>
<testng-results ignored="0" total="12" passed="11" failed="1" skipped="0">
  <reporter-output>
  </reporter-output>
  <suite started-at="2026-05-16T11:23:52 IST" name="Master Suite" finished-at="2026-05-16T11:25:38 IST" duration-ms="105937">
    <groups>
      <group name="Master">
        <method signature="TC001_AccountRegistrationTest.verify_account_registration()[pri:0, instance:testCases.TC001_AccountRegistrationTest@19e7a160]" name="verify_account_registration" class="testCases.TC001_AccountRegistrationTest"/>
        <method signature="TC002_LoginTest.verify_login()[pri:0, instance:testCases.TC002_LoginTest@6cb6decd]" name="verify_login" class="testCases.TC002_LoginTest"/>
        <method signature="TC004_SearchProductTest.verify_productSearch()[pri:0, instance:testCases.TC004_SearchProductTest@f99f5e0]" name="verify_productSearch" class="testCases.TC004_SearchProductTest"/>
        <method signature="TC006_HeaderNameValidation.verify_headerName()[pri:0, instance:testCases.TC006_HeaderNameValidation@30bce90b]" name="verify_headerName" class="testCases.TC006_HeaderNameValidation"/>
        <method signature="TC007_OepnPageValidation.verify_openPage()[pri:0, instance:testCases.TC007_OepnPageValidation@3e6f3f28]" name="verify_openPage" class="testCases.TC007_OepnPageValidation"/>
        <method signature="TC008_ListandGridView.verify_listandgridview()[pri:0, instance:testCases.TC008_ListandGridView@7e19ebf0]" name="verify_listandgridview" class="testCases.TC008_ListandGridView"/>
        <method signature="TC009_DropDownSorting.verify_DropDownSorting()[pri:0, instance:testCases.TC009_DropDownSorting@2474f125]" name="verify_DropDownSorting" class="testCases.TC009_DropDownSorting"/>
      </group> <!-- Master -->
      <group name="Sanity">
        <method signature="TC002_LoginTest.verify_login()[pri:0, instance:testCases.TC002_LoginTest@6cb6decd]" name="verify_login" class="testCases.TC002_LoginTest"/>
      </group> <!-- Sanity -->
      <group name="Regression">
        <method signature="TC001_AccountRegistrationTest.verify_account_registration()[pri:0, instance:testCases.TC001_AccountRegistrationTest@19e7a160]" name="verify_account_registration" class="testCases.TC001_AccountRegistrationTest"/>
      </group> <!-- Regression -->
      <group name="Datadriven">
        <method signature="TC003_LoginDDT.verify_loginDDT(java.lang.String,java.lang.String,java.lang.String)[pri:0, instance:testCases.TC003_LoginDDT@c7045b9]" name="verify_loginDDT" class="testCases.TC003_LoginDDT"/>
      </group> <!-- Datadriven -->
    </groups>
    <test started-at="2026-05-16T11:23:52 IST" name="Test" finished-at="2026-05-16T11:25:38 IST" duration-ms="105937">
      <class name="testCases.TC004_SearchProductTest">
        <test-method is-config="true" signature="setup(java.lang.String,java.lang.String)[pri:0, instance:testCases.TC004_SearchProductTest@f99f5e0]" started-at="2026-05-16T11:24:53 IST" name="setup" finished-at="2026-05-16T11:24:56 IST" duration-ms="2529" status="PASS">
          <params>
            <param index="0">
              <value>
                <![CDATA[Windows]]>
              </value>
            </param>
            <param index="1">
              <value>
                <![CDATA[chrome]]>
              </value>
            </param>
          </params>
          <reporter-output>
          </reporter-output>
        </test-method> <!-- setup -->
        <test-method signature="verify_productSearch()[pri:0, instance:testCases.TC004_SearchProductTest@f99f5e0]" started-at="2026-05-16T11:24:56 IST" name="verify_productSearch" finished-at="2026-05-16T11:24:57 IST" duration-ms="712" status="PASS">
          <reporter-output>
          </reporter-output>
        </test-method> <!-- verify_productSearch -->
        <test-method is-config="true" signature="teardown()[pri:0, instance:testCases.TC004_SearchProductTest@f99f5e0]" started-at="2026-05-16T11:24:57 IST" name="teardown" finished-at="2026-05-16T11:24:57 IST" duration-ms="221" status="PASS">
          <reporter-output>
          </reporter-output>
        </test-method> <!-- teardown -->
      </class> <!-- testCases.TC004_SearchProductTest -->
      <class name="testCases.TC007_OepnPageValidation">
        <test-method is-config="true" signature="setup(java.lang.String,java.lang.String)[pri:0, instance:testCases.TC007_OepnPageValidation@3e6f3f28]" started-at="2026-05-16T11:24:59 IST" name="setup" finished-at="2026-05-16T11:25:01 IST" duration-ms="2156" status="PASS">
          <params>
            <param index="0">
              <value>
                <![CDATA[Windows]]>
              </value>
            </param>
            <param index="1">
              <value>
                <![CDATA[chrome]]>
              </value>
            </param>
          </params>
          <reporter-output>
          </reporter-output>
        </test-method> <!-- setup -->
        <test-method signature="verify_openPage()[pri:0, instance:testCases.TC007_OepnPageValidation@3e6f3f28]" started-at="2026-05-16T11:25:01 IST" name="verify_openPage" finished-at="2026-05-16T11:25:05 IST" duration-ms="3724" status="PASS">
          <reporter-output>
          </reporter-output>
        </test-method> <!-- verify_openPage -->
        <test-method is-config="true" signature="teardown()[pri:0, instance:testCases.TC007_OepnPageValidation@3e6f3f28]" started-at="2026-05-16T11:25:05 IST" name="teardown" finished-at="2026-05-16T11:25:05 IST" duration-ms="284" status="PASS">
          <reporter-output>
          </reporter-output>
        </test-method> <!-- teardown -->
      </class> <!-- testCases.TC007_OepnPageValidation -->
      <class name="testCases.TC006_HeaderNameValidation">
        <test-method is-config="true" signature="setup(java.lang.String,java.lang.String)[pri:0, instance:testCases.TC006_HeaderNameValidation@30bce90b]" started-at="2026-05-16T11:24:57 IST" name="setup" finished-at="2026-05-16T11:24:59 IST" duration-ms="2195" status="PASS">
          <params>
            <param index="0">
              <value>
                <![CDATA[Windows]]>
              </value>
            </param>
            <param index="1">
              <value>
                <![CDATA[chrome]]>
              </value>
            </param>
          </params>
          <reporter-output>
          </reporter-output>
        </test-method> <!-- setup -->
        <test-method signature="verify_headerName()[pri:0, instance:testCases.TC006_HeaderNameValidation@30bce90b]" started-at="2026-05-16T11:24:59 IST" name="verify_headerName" finished-at="2026-05-16T11:24:59 IST" duration-ms="46" status="PASS">
          <reporter-output>
          </reporter-output>
        </test-method> <!-- verify_headerName -->
        <test-method is-config="true" signature="teardown()[pri:0, instance:testCases.TC006_HeaderNameValidation@30bce90b]" started-at="2026-05-16T11:24:59 IST" name="teardown" finished-at="2026-05-16T11:24:59 IST" duration-ms="217" status="PASS">
          <reporter-output>
          </reporter-output>
        </test-method> <!-- teardown -->
      </class> <!-- testCases.TC006_HeaderNameValidation -->
      <class name="testCases.TC002_LoginTest">
        <test-method is-config="true" signature="setup(java.lang.String,java.lang.String)[pri:0, instance:testCases.TC002_LoginTest@6cb6decd]" started-at="2026-05-16T11:23:59 IST" name="setup" finished-at="2026-05-16T11:24:02 IST" duration-ms="3493" status="PASS">
          <params>
            <param index="0">
              <value>
                <![CDATA[Windows]]>
              </value>
            </param>
            <param index="1">
              <value>
                <![CDATA[chrome]]>
              </value>
            </param>
          </params>
          <reporter-output>
          </reporter-output>
        </test-method> <!-- setup -->
        <test-method signature="verify_login()[pri:0, instance:testCases.TC002_LoginTest@6cb6decd]" started-at="2026-05-16T11:24:02 IST" name="verify_login" finished-at="2026-05-16T11:24:05 IST" duration-ms="2952" status="PASS">
          <reporter-output>
          </reporter-output>
        </test-method> <!-- verify_login -->
        <test-method is-config="true" signature="teardown()[pri:0, instance:testCases.TC002_LoginTest@6cb6decd]" started-at="2026-05-16T11:24:05 IST" name="teardown" finished-at="2026-05-16T11:24:06 IST" duration-ms="230" status="PASS">
          <reporter-output>
          </reporter-output>
        </test-method> <!-- teardown -->
      </class> <!-- testCases.TC002_LoginTest -->
      <class name="testCases.TC003_LoginDDT">
        <test-method is-config="true" signature="setup(java.lang.String,java.lang.String)[pri:0, instance:testCases.TC003_LoginDDT@c7045b9]" started-at="2026-05-16T11:24:06 IST" name="setup" finished-at="2026-05-16T11:24:08 IST" duration-ms="2284" status="PASS">
          <params>
            <param index="0">
              <value>
                <![CDATA[Windows]]>
              </value>
            </param>
            <param index="1">
              <value>
                <![CDATA[chrome]]>
              </value>
            </param>
          </params>
          <reporter-output>
          </reporter-output>
        </test-method> <!-- setup -->
        <test-method signature="verify_loginDDT(java.lang.String,java.lang.String,java.lang.String)[pri:0, instance:testCases.TC003_LoginDDT@c7045b9]" started-at="2026-05-16T11:24:11 IST" name="verify_loginDDT" data-provider="LoginData" finished-at="2026-05-16T11:24:14 IST" duration-ms="2437" status="PASS">
          <params>
            <param index="0">
              <value>
                <![CDATA[Dali.Toy12345@gmail.com]]>
              </value>
            </param>
            <param index="1">
              <value>
                <![CDATA[DaliToy@123]]>
              </value>
            </param>
            <param index="2">
              <value>
                <![CDATA[Valid]]>
              </value>
            </param>
          </params>
          <reporter-output>
          </reporter-output>
        </test-method> <!-- verify_loginDDT -->
        <test-method signature="verify_loginDDT(java.lang.String,java.lang.String,java.lang.String)[pri:0, instance:testCases.TC003_LoginDDT@c7045b9]" started-at="2026-05-16T11:24:14 IST" name="verify_loginDDT" data-provider="LoginData" finished-at="2026-05-16T11:24:26 IST" duration-ms="11884" status="PASS">
          <params>
            <param index="0">
              <value>
                <![CDATA[Jason.Roy11@gmail.com]]>
              </value>
            </param>
            <param index="1">
              <value>
                <![CDATA[Jason@123]]>
              </value>
            </param>
            <param index="2">
              <value>
                <![CDATA[Invalid]]>
              </value>
            </param>
          </params>
          <reporter-output>
          </reporter-output>
        </test-method> <!-- verify_loginDDT -->
        <test-method signature="verify_loginDDT(java.lang.String,java.lang.String,java.lang.String)[pri:0, instance:testCases.TC003_LoginDDT@c7045b9]" started-at="2026-05-16T11:24:26 IST" name="verify_loginDDT" data-provider="LoginData" finished-at="2026-05-16T11:24:37 IST" duration-ms="11604" status="PASS">
          <params>
            <param index="0">
              <value>
                <![CDATA[Tim.cook22@gmail.com]]>
              </value>
            </param>
            <param index="1">
              <value>
                <![CDATA[Timcook@123]]>
              </value>
            </param>
            <param index="2">
              <value>
                <![CDATA[Invalid]]>
              </value>
            </param>
          </params>
          <reporter-output>
          </reporter-output>
        </test-method> <!-- verify_loginDDT -->
        <test-method signature="verify_loginDDT(java.lang.String,java.lang.String,java.lang.String)[pri:0, instance:testCases.TC003_LoginDDT@c7045b9]" started-at="2026-05-16T11:24:37 IST" name="verify_loginDDT" data-provider="LoginData" finished-at="2026-05-16T11:24:50 IST" duration-ms="12660" status="PASS">
          <params>
            <param index="0">
              <value>
                <![CDATA[Buttler33@gmail.com]]>
              </value>
            </param>
            <param index="1">
              <value>
                <![CDATA[Butter@123]]>
              </value>
            </param>
            <param index="2">
              <value>
                <![CDATA[Invalid]]>
              </value>
            </param>
          </params>
          <reporter-output>
          </reporter-output>
        </test-method> <!-- verify_loginDDT -->
        <test-method signature="verify_loginDDT(java.lang.String,java.lang.String,java.lang.String)[pri:0, instance:testCases.TC003_LoginDDT@c7045b9]" started-at="2026-05-16T11:24:50 IST" name="verify_loginDDT" data-provider="LoginData" finished-at="2026-05-16T11:24:53 IST" duration-ms="3079" status="PASS">
          <params>
            <param index="0">
              <value>
                <![CDATA[Rassam12345@gmail.com]]>
              </value>
            </param>
            <param index="1">
              <value>
                <![CDATA[Rassam@123]]>
              </value>
            </param>
            <param index="2">
              <value>
                <![CDATA[Valid]]>
              </value>
            </param>
          </params>
          <reporter-output>
          </reporter-output>
        </test-method> <!-- verify_loginDDT -->
        <test-method is-config="true" signature="teardown()[pri:0, instance:testCases.TC003_LoginDDT@c7045b9]" started-at="2026-05-16T11:24:53 IST" name="teardown" finished-at="2026-05-16T11:24:53 IST" duration-ms="369" status="PASS">
          <reporter-output>
          </reporter-output>
        </test-method> <!-- teardown -->
      </class> <!-- testCases.TC003_LoginDDT -->
      <class name="testCases.TC009_DropDownSorting">
        <test-method is-config="true" signature="setup(java.lang.String,java.lang.String)[pri:0, instance:testCases.TC009_DropDownSorting@2474f125]" started-at="2026-05-16T11:25:25 IST" name="setup" finished-at="2026-05-16T11:25:28 IST" duration-ms="2419" status="PASS">
          <params>
            <param index="0">
              <value>
                <![CDATA[Windows]]>
              </value>
            </param>
            <param index="1">
              <value>
                <![CDATA[chrome]]>
              </value>
            </param>
          </params>
          <reporter-output>
          </reporter-output>
        </test-method> <!-- setup -->
        <test-method signature="verify_DropDownSorting()[pri:0, instance:testCases.TC009_DropDownSorting@2474f125]" started-at="2026-05-16T11:25:28 IST" name="verify_DropDownSorting" finished-at="2026-05-16T11:25:38 IST" duration-ms="10042" status="FAIL">
          <exception class="org.openqa.selenium.NoSuchElementException">
            <message>
              <![CDATA[no such element: Unable to locate element: {"method":"xpath","selector":"//select[@id='input-sort']"}
  (Session info: chrome=148.0.7778.167)
For documentation on this error, please visit: https://www.selenium.dev/documentation/webdriver/troubleshooting/errors#nosuchelementexception
Build info: version: '4.40.0', revision: 'b3333f1'
System info: os.name: 'Windows 11', os.arch: 'amd64', os.version: '10.0', java.version: '25.0.1'
Driver info: org.openqa.selenium.chrome.ChromeDriver
Command: [334d0564751ecefb3572e3fc312f8595, findElement {using=xpath, value=//select[@id='input-sort']}]
Capabilities {acceptInsecureCerts: false, browserName: chrome, browserVersion: 148.0.7778.167, chrome: {chromedriverVersion: 148.0.7778.167 (65db666ac2c..., userDataDir: C:\Users\hpk13\AppData\Loca...}, fedcm:accounts: true, goog:chromeOptions: {debuggerAddress: localhost:56042}, goog:processID: 26684, networkConnectionEnabled: false, pageLoadStrategy: normal, platformName: windows, proxy: Proxy(), se:cdp: ws://localhost:56042/devtoo..., se:cdpVersion: 148.0.7778.167, setWindowRect: true, strictFileInteractability: false, timeouts: {implicit: 0, pageLoad: 300000, script: 30000}, unhandledPromptBehavior: dismiss and notify, webauthn:extension:credBlob: true, webauthn:extension:largeBlob: true, webauthn:extension:minPinLength: true, webauthn:extension:prf: true, webauthn:virtualAuthenticators: true}
Session ID: 334d0564751ecefb3572e3fc312f8595]]>
            </message>
            <full-stacktrace>
              <![CDATA[org.openqa.selenium.NoSuchElementException: no such element: Unable to locate element: {"method":"xpath","selector":"//select[@id='input-sort']"}
  (Session info: chrome=148.0.7778.167)
For documentation on this error, please visit: https://www.selenium.dev/documentation/webdriver/troubleshooting/errors#nosuchelementexception
Build info: version: '4.40.0', revision: 'b3333f1'
System info: os.name: 'Windows 11', os.arch: 'amd64', os.version: '10.0', java.version: '25.0.1'
Driver info: org.openqa.selenium.chrome.ChromeDriver
Command: [334d0564751ecefb3572e3fc312f8595, findElement {using=xpath, value=//select[@id='input-sort']}]
Capabilities {acceptInsecureCerts: false, browserName: chrome, browserVersion: 148.0.7778.167, chrome: {chromedriverVersion: 148.0.7778.167 (65db666ac2c..., userDataDir: C:\Users\hpk13\AppData\Loca...}, fedcm:accounts: true, goog:chromeOptions: {debuggerAddress: localhost:56042}, goog:processID: 26684, networkConnectionEnabled: false, pageLoadStrategy: normal, platformName: windows, proxy: Proxy(), se:cdp: ws://localhost:56042/devtoo..., se:cdpVersion: 148.0.7778.167, setWindowRect: true, strictFileInteractability: false, timeouts: {implicit: 0, pageLoad: 300000, script: 30000}, unhandledPromptBehavior: dismiss and notify, webauthn:extension:credBlob: true, webauthn:extension:largeBlob: true, webauthn:extension:minPinLength: true, webauthn:extension:prf: true, webauthn:virtualAuthenticators: true}
Session ID: 334d0564751ecefb3572e3fc312f8595
at org.openqa.selenium.remote.ErrorCodec.decode(ErrorCodec.java:169)
at org.openqa.selenium.remote.codec.w3c.W3CHttpResponseCodec.decode(W3CHttpResponseCodec.java:142)
at org.openqa.selenium.remote.codec.w3c.W3CHttpResponseCodec.decode(W3CHttpResponseCodec.java:49)
at org.openqa.selenium.remote.HttpCommandExecutor.execute(HttpCommandExecutor.java:223)
at org.openqa.selenium.remote.service.DriverCommandExecutor.invokeExecute(DriverCommandExecutor.java:216)
at org.openqa.selenium.remote.service.DriverCommandExecutor.execute(DriverCommandExecutor.java:174)
at org.openqa.selenium.remote.RemoteWebDriver.execute(RemoteWebDriver.java:601)
at org.openqa.selenium.remote.ElementLocation$ElementFinder$2.findElement(ElementLocation.java:166)
at org.openqa.selenium.remote.ElementLocation.findElement(ElementLocation.java:60)
at org.openqa.selenium.remote.RemoteWebDriver.findElement(RemoteWebDriver.java:424)
at org.openqa.selenium.remote.RemoteWebDriver.findElement(RemoteWebDriver.java:418)
at org.openqa.selenium.support.pagefactory.DefaultElementLocator.findElement(DefaultElementLocator.java:68)
at org.openqa.selenium.support.pagefactory.internal.LocatingElementHandler.invoke(LocatingElementHandler.java:38)
at jdk.proxy2/jdk.proxy2.$Proxy28.getTagName(Unknown Source)
at org.openqa.selenium.support.ui.Select.<init>(Select.java:44)
at pageObjects.SortByRatingPage.ratingHighest(SortByRatingPage.java:27)
at testCases.TC009_DropDownSorting.verify_DropDownSorting(TC009_DropDownSorting.java:15)
at java.base/jdk.internal.reflect.DirectMethodHandleAccessor.invoke(DirectMethodHandleAccessor.java:104)
at java.base/java.lang.reflect.Method.invoke(Method.java:565)
at org.testng.internal.invokers.MethodInvocationHelper.invokeMethod(MethodInvocationHelper.java:141)
at org.testng.internal.invokers.TestInvoker.invokeMethod(TestInvoker.java:697)
at org.testng.internal.invokers.TestInvoker.invokeTestMethod(TestInvoker.java:230)
at org.testng.internal.invokers.MethodRunner.runInSequence(MethodRunner.java:63)
at org.testng.internal.invokers.TestInvoker$MethodInvocationAgent.invoke(TestInvoker.java:1005)
at org.testng.internal.invokers.TestInvoker.invokeTestMethods(TestInvoker.java:203)
at org.testng.internal.invokers.TestMethodWorker.invokeTestMethods(TestMethodWorker.java:154)
at org.testng.internal.invokers.TestMethodWorker.run(TestMethodWorker.java:134)
at java.base/java.util.ArrayList.forEach(ArrayList.java:1604)
at org.testng.TestRunner.privateRun(TestRunner.java:744)
at org.testng.TestRunner.run(TestRunner.java:616)
at org.testng.SuiteRunner.runTest(SuiteRunner.java:421)
at org.testng.SuiteRunner.runSequentially(SuiteRunner.java:413)
at org.testng.SuiteRunner.privateRun(SuiteRunner.java:373)
at org.testng.SuiteRunner.run(SuiteRunner.java:312)
at org.testng.SuiteRunnerWorker.runSuite(SuiteRunnerWorker.java:52)
at org.testng.SuiteRunnerWorker.run(SuiteRunnerWorker.java:95)
at org.testng.TestNG.runSuitesSequentially(TestNG.java:1274)
at org.testng.TestNG.runSuitesLocally(TestNG.java:1208)
at org.testng.TestNG.runSuites(TestNG.java:1112)
at org.testng.TestNG.run(TestNG.java:1079)
at org.apache.maven.surefire.testng.TestNGExecutor.run(TestNGExecutor.java:308)
at org.apache.maven.surefire.testng.TestNGXmlTestSuite.execute(TestNGXmlTestSuite.java:71)
at org.apache.maven.surefire.testng.TestNGProvider.invoke(TestNGProvider.java:113)
at org.apache.maven.surefire.booter.ForkedBooter.runSuitesInProcess(ForkedBooter.java:385)
at org.apache.maven.surefire.booter.ForkedBooter.execute(ForkedBooter.java:162)
at org.apache.maven.surefire.booter.ForkedBooter.run(ForkedBooter.java:507)
at org.apache.maven.surefire.booter.ForkedBooter.main(ForkedBooter.java:495)
]]>
            </full-stacktrace>
          </exception> <!-- org.openqa.selenium.NoSuchElementException -->
          <reporter-output>
          </reporter-output>
        </test-method> <!-- verify_DropDownSorting -->
        <test-method is-config="true" signature="teardown()[pri:0, instance:testCases.TC009_DropDownSorting@2474f125]" started-at="2026-05-16T11:25:38 IST" name="teardown" finished-at="2026-05-16T11:25:38 IST" duration-ms="315" status="PASS">
          <reporter-output>
          </reporter-output>
        </test-method> <!-- teardown -->
      </class> <!-- testCases.TC009_DropDownSorting -->
      <class name="testCases.TC001_AccountRegistrationTest">
        <test-method is-config="true" signature="setup(java.lang.String,java.lang.String)[pri:0, instance:testCases.TC001_AccountRegistrationTest@19e7a160]" started-at="2026-05-16T11:23:53 IST" name="setup" finished-at="2026-05-16T11:23:56 IST" duration-ms="3231" status="PASS">
          <params>
            <param index="0">
              <value>
                <![CDATA[Windows]]>
              </value>
            </param>
            <param index="1">
              <value>
                <![CDATA[chrome]]>
              </value>
            </param>
          </params>
          <reporter-output>
          </reporter-output>
        </test-method> <!-- setup -->
        <test-method signature="verify_account_registration()[pri:0, instance:testCases.TC001_AccountRegistrationTest@19e7a160]" started-at="2026-05-16T11:23:56 IST" name="verify_account_registration" finished-at="2026-05-16T11:23:59 IST" duration-ms="2783" status="PASS">
          <reporter-output>
          </reporter-output>
        </test-method> <!-- verify_account_registration -->
        <test-method is-config="true" signature="teardown()[pri:0, instance:testCases.TC001_AccountRegistrationTest@19e7a160]" started-at="2026-05-16T11:23:59 IST" name="teardown" finished-at="2026-05-16T11:23:59 IST" duration-ms="312" status="PASS">
          <reporter-output>
          </reporter-output>
        </test-method> <!-- teardown -->
      </class> <!-- testCases.TC001_AccountRegistrationTest -->
      <class name="testCases.TC008_ListandGridView">
        <test-method is-config="true" signature="setup(java.lang.String,java.lang.String)[pri:0, instance:testCases.TC008_ListandGridView@7e19ebf0]" started-at="2026-05-16T11:25:05 IST" name="setup" finished-at="2026-05-16T11:25:09 IST" duration-ms="3164" status="PASS">
          <params>
            <param index="0">
              <value>
                <![CDATA[Windows]]>
              </value>
            </param>
            <param index="1">
              <value>
                <![CDATA[chrome]]>
              </value>
            </param>
          </params>
          <reporter-output>
          </reporter-output>
        </test-method> <!-- setup -->
        <test-method signature="verify_listandgridview()[pri:0, instance:testCases.TC008_ListandGridView@7e19ebf0]" started-at="2026-05-16T11:25:09 IST" name="verify_listandgridview" finished-at="2026-05-16T11:25:25 IST" duration-ms="16294" status="PASS">
          <reporter-output>
          </reporter-output>
        </test-method> <!-- verify_listandgridview -->
        <test-method is-config="true" signature="teardown()[pri:0, instance:testCases.TC008_ListandGridView@7e19ebf0]" started-at="2026-05-16T11:25:25 IST" name="teardown" finished-at="2026-05-16T11:25:25 IST" duration-ms="317" status="PASS">
          <reporter-output>
          </reporter-output>
        </test-method> <!-- teardown -->
      </class> <!-- testCases.TC008_ListandGridView -->
    </test> <!-- Test -->
  </suite> <!-- Master Suite -->
</testng-results>
