<?xml version="1.0" encoding="UTF-8"?>
<testng-results ignored="0" total="1" passed="1" failed="0" skipped="0">
  <reporter-output>
  </reporter-output>
  <suite started-at="2026-04-03T12:35:13 IST" name="Master Suite" finished-at="2026-04-03T12:35:32 IST" duration-ms="19106">
    <groups>
      <group name="Master">
        <method signature="TC008_ListandGridView.verify_listandgridview()[pri:0, instance:testCases.TC008_ListandGridView@25aca718]" name="verify_listandgridview" class="testCases.TC008_ListandGridView"/>
      </group> <!-- Master -->
    </groups>
    <test started-at="2026-04-03T12:35:13 IST" name="Test" finished-at="2026-04-03T12:35:32 IST" duration-ms="19106">
      <class name="testCases.TC008_ListandGridView">
        <test-method is-config="true" signature="setup(java.lang.String,java.lang.String)[pri:0, instance:testCases.TC008_ListandGridView@25aca718]" started-at="2026-04-03T12:35:13 IST" name="setup" finished-at="2026-04-03T12:35:16 IST" duration-ms="2518" status="PASS">
          <params>
            <param index="0">
              <value>
                <![CDATA[Windows]]>
              </value>
            </param>
            <param index="1">
              <value>
                <![CDATA[chrome]]>
              </value>
            </param>
          </params>
          <reporter-output>
          </reporter-output>
        </test-method> <!-- setup -->
        <test-method signature="verify_listandgridview()[pri:0, instance:testCases.TC008_ListandGridView@25aca718]" started-at="2026-04-03T12:35:16 IST" name="verify_listandgridview" finished-at="2026-04-03T12:35:32 IST" duration-ms="16052" status="PASS">
          <reporter-output>
          </reporter-output>
        </test-method> <!-- verify_listandgridview -->
        <test-method is-config="true" signature="teardown()[pri:0, instance:testCases.TC008_ListandGridView@25aca718]" started-at="2026-04-03T12:35:32 IST" name="teardown" finished-at="2026-04-03T12:35:32 IST" duration-ms="195" status="PASS">
          <reporter-output>
          </reporter-output>
        </test-method> <!-- teardown -->
      </class> <!-- testCases.TC008_ListandGridView -->
    </test> <!-- Test -->
  </suite> <!-- Master Suite -->
</testng-results>
