<?xml version="1.0" encoding="UTF-8"?>
<!-- Generated by org.testng.reporters.JUnitReportReporter -->
<testsuite hostname="Sapnish" failures="0" tests="5" name="testCases.TC003_LoginDDT" time="41.664" errors="0" timestamp="2026-05-16T11:25:40 IST" skipped="0">
  <testcase classname="testCases.TC003_LoginDDT" name="verify_loginDDT" time="2.437"/>
  <testcase classname="testCases.TC003_LoginDDT" name="verify_loginDDT" time="11.604"/>
  <testcase classname="testCases.TC003_LoginDDT" name="verify_loginDDT" time="3.079"/>
  <testcase classname="testCases.TC003_LoginDDT" name="verify_loginDDT" time="11.884"/>
  <testcase classname="testCases.TC003_LoginDDT" name="verify_loginDDT" time="12.660"/>
</testsuite> <!-- testCases.TC003_LoginDDT -->
