<?xml version="1.0" encoding="UTF-8"?>
<!-- Generated by org.testng.reporters.JUnitReportReporter -->
<testsuite hostname="Sapnish" failures="0" tests="5" name="testCases.TC003_LoginDDT" time="52.526" errors="0" timestamp="2026-05-14T07:01:38 IST" skipped="0">
  <testcase classname="testCases.TC003_LoginDDT" name="verify_loginDDT" time="11.291"/>
  <testcase classname="testCases.TC003_LoginDDT" name="verify_loginDDT" time="10.645"/>
  <testcase classname="testCases.TC003_LoginDDT" name="verify_loginDDT" time="13.437"/>
  <testcase classname="testCases.TC003_LoginDDT" name="verify_loginDDT" time="15.117"/>
  <testcase classname="testCases.TC003_LoginDDT" name="verify_loginDDT" time="2.036"/>
</testsuite> <!-- testCases.TC003_LoginDDT -->
